owner:  ra1028
repo:  RACollectionViewReorderableTripletLayout
URL:  https://github.com/ra1028/RACollectionViewReorderableTripletLayout
owner:  UrbanApps
repo:  UAProgressView
URL:  https://github.com/UrbanApps/UAProgressView
owner:  AFNetworking
repo:  AFNetworking
URL:  https://github.com/AFNetworking/AFNetworking
owner:  lazerwalker
repo:  Theseus
URL:  https://github.com/lazerwalker/Theseus
owner:  rs
repo:  SDWebImage
URL:  https://github.com/rs/SDWebImage
owner:  dkhamsing
repo:  TabDump
URL:  https://github.com/dkhamsing/TabDump
owner:  schneiderandre
repo:  popping
URL:  https://github.com/schneiderandre/popping
owner:  npctech
repo:  Tattle-UI-iOS
URL:  https://github.com/npctech/Tattle-UI-iOS
owner:  mdznr
repo:  What-s-New
URL:  https://github.com/mdznr/What-s-New
owner:  CocoaLumberjack
repo:  CocoaLumberjack
URL:  https://github.com/CocoaLumberjack/CocoaLumberjack
owner:  ReactiveCocoa
repo:  ReactiveCocoa
URL:  https://github.com/ReactiveCocoa/ReactiveCocoa
owner:  magicalpanda
repo:  MagicalRecord
URL:  https://github.com/magicalpanda/MagicalRecord
owner:  facebook
repo:  ios-snapshot-test-case
URL:  https://github.com/facebook/ios-snapshot-test-case
owner:  ccgus
repo:  fmdb
URL:  https://github.com/ccgus/fmdb
owner:  monospacecollective
repo:  MSDynamicsDrawerViewController
URL:  https://github.com/monospacecollective/MSDynamicsDrawerViewController
owner:  m1entus
repo:  MZBookshelfCollectionViewLayout
URL:  https://github.com/m1entus/MZBookshelfCollectionViewLayout
owner:  robbiehanson
repo:  CocoaAsyncSocket
URL:  https://github.com/robbiehanson/CocoaAsyncSocket
owner:  ArtFeel
repo:  AFViewShaker
URL:  https://github.com/ArtFeel/AFViewShaker
owner:  microeditionbiz
repo:  ExpandableHeaderView
URL:  https://github.com/microeditionbiz/ExpandableHeaderView
owner:  zoonooz
repo:  ZFDragableModalTransition
URL:  https://github.com/zoonooz/ZFDragableModalTransition
owner:  jessesquires
repo:  JSQMessagesViewController
URL:  https://github.com/jessesquires/JSQMessagesViewController
owner:  supermarin
repo:  Alcatraz
URL:  https://github.com/supermarin/Alcatraz
owner:  RoshanNindrai
repo:  RBMenu
URL:  https://github.com/RoshanNindrai/RBMenu
owner:  mattt
repo:  TTTAttributedLabel
URL:  https://github.com/mattt/TTTAttributedLabel
owner:  fabiocaccamo
repo:  FCFileManager
URL:  https://github.com/fabiocaccamo/FCFileManager
owner:  GoogleCloudPlatform
repo:  kubernetes
URL:  https://github.com/GoogleCloudPlatform/kubernetes
owner:  google
repo:  cadvisor
URL:  https://github.com/google/cadvisor
owner:  dotcloud
repo:  docker
URL:  https://github.com/dotcloud/docker
owner:  lestrrat
repo:  peco
URL:  https://github.com/lestrrat/peco
owner:  docker
repo:  libchan
URL:  https://github.com/docker/libchan
owner:  docker
repo:  libswarm
URL:  https://github.com/docker/libswarm
owner:  aybabtme
repo:  uniplot
URL:  https://github.com/aybabtme/uniplot
owner:  calmh
repo:  syncthing
URL:  https://github.com/calmh/syncthing
owner:  andlabs
repo:  ui
URL:  https://github.com/andlabs/ui
owner:  natefinch
repo:  lumberjack
URL:  https://github.com/natefinch/lumberjack
owner:  joliv
repo:  spark
URL:  https://github.com/joliv/spark
owner:  astaxie
repo:  beego
URL:  https://github.com/astaxie/beego
owner:  youtube
repo:  vitess
URL:  https://github.com/youtube/vitess
owner:  coreos
repo:  etcd
URL:  https://github.com/coreos/etcd
owner:  bitly
repo:  nsq
URL:  https://github.com/bitly/nsq
owner:  codegangsta
repo:  negroni
URL:  https://github.com/codegangsta/negroni
owner:  nf
repo:  webfront
URL:  https://github.com/nf/webfront
owner:  hashicorp
repo:  consul
URL:  https://github.com/hashicorp/consul
owner:  openshift
repo:  geard
URL:  https://github.com/openshift/geard
owner:  docker
repo:  libcontainer
URL:  https://github.com/docker/libcontainer
owner:  inconshreveable
repo:  ngrok
URL:  https://github.com/inconshreveable/ngrok
owner:  cyfdecyf
repo:  cow
URL:  https://github.com/cyfdecyf/cow
owner:  go-martini
repo:  martini
URL:  https://github.com/go-martini/martini
owner:  limetext
repo:  lime
URL:  https://github.com/limetext/lime
owner:  glycerine
repo:  go-capnproto
URL:  https://github.com/glycerine/go-capnproto
owner:  hummingbird-me
repo:  hummingbird
URL:  https://github.com/hummingbird-me/hummingbird
owner:  mephux
repo:  komanda
URL:  https://github.com/mephux/komanda
owner:  burocratik
repo:  outdated-browser
URL:  https://github.com/burocratik/outdated-browser
owner:  pocketjoso
repo:  penthouse
URL:  https://github.com/pocketjoso/penthouse
owner:  julianshapiro
repo:  velocity
URL:  https://github.com/julianshapiro/velocity
owner:  angular
repo:  angular.js
URL:  https://github.com/angular/angular.js
owner:  turbulenz
repo:  gargantia_editor
URL:  https://github.com/turbulenz/gargantia_editor
owner:  medialab
repo:  artoo
URL:  https://github.com/medialab/artoo
owner:  montagejs
repo:  collections
URL:  https://github.com/montagejs/collections
owner:  thumbtack
repo:  angular-smarty
URL:  https://github.com/thumbtack/angular-smarty
owner:  Vestorly
repo:  torii
URL:  https://github.com/Vestorly/torii
owner:  urish
repo:  angular-moment
URL:  https://github.com/urish/angular-moment
owner:  nimbly
repo:  angular-formly
URL:  https://github.com/nimbly/angular-formly
owner:  mbostock
repo:  d3
URL:  https://github.com/mbostock/d3
owner:  mafintosh
repo:  peerflix
URL:  https://github.com/mafintosh/peerflix
owner:  joyent
repo:  node
URL:  https://github.com/joyent/node
owner:  jdorn
repo:  json-editor
URL:  https://github.com/jdorn/json-editor
owner:  moment
repo:  moment
URL:  https://github.com/moment/moment
owner:  joshmarinacci
repo:  ElectronIDE
URL:  https://github.com/joshmarinacci/ElectronIDE
owner:  driftyco
repo:  ionic
URL:  https://github.com/driftyco/ionic
owner:  hakimel
repo:  reveal.js
URL:  https://github.com/hakimel/reveal.js
owner:  CartoDB
repo:  odyssey.js
URL:  https://github.com/CartoDB/odyssey.js
owner:  nckprsn
repo:  scrollme
URL:  https://github.com/nckprsn/scrollme
owner:  the-gss
repo:  engine
URL:  https://github.com/the-gss/engine
owner:  facebook
repo:  react
URL:  https://github.com/facebook/react
